\BOOKMARK [0][-]{chapter*.1}{Abstract}{}% 1
\BOOKMARK [0][-]{section*.2}{\315ndice}{}% 2
\BOOKMARK [0][-]{section*.4}{Llistado de Figuras}{}% 3
\BOOKMARK [-1][-]{part.1}{I Introduci\363n: objetivos, estado del arte y arquitectura global}{}% 4
\BOOKMARK [0][-]{chapter.1}{Introducci\363n}{part.1}% 5
\BOOKMARK [1][-]{section.1.1}{Descripci\363n general de la propuesta}{chapter.1}% 6
\BOOKMARK [1][-]{section.1.2}{Motivaci\363n}{chapter.1}% 7
\BOOKMARK [1][-]{section.1.3}{Objetivos}{chapter.1}% 8
\BOOKMARK [1][-]{section.1.4}{Tareas y planificaci\363n}{chapter.1}% 9
\BOOKMARK [1][-]{section.1.5}{Estructura del documento}{chapter.1}% 10
\BOOKMARK [0][-]{chapter.2}{Estado del Arte}{part.1}% 11
\BOOKMARK [1][-]{section.2.1}{Procesamiento de lenguaje natural}{chapter.2}% 12
\BOOKMARK [2][-]{subsection.2.1.1}{Historia}{section.2.1}% 13
\BOOKMARK [2][-]{subsection.2.1.2}{Aplicaciones}{section.2.1}% 14
\BOOKMARK [2][-]{subsection.2.1.3}{Modelizaci\363n de temas}{section.2.1}% 15
\BOOKMARK [1][-]{section.2.2}{Deep Learning y aplicaci\363n al PLN}{chapter.2}% 16
\BOOKMARK [2][-]{subsection.2.2.1}{Aprendizaje supervisado}{section.2.2}% 17
\BOOKMARK [2][-]{subsection.2.2.2}{Deep Learning}{section.2.2}% 18
\BOOKMARK [2][-]{subsection.2.2.3}{Representaci\363n de palabras en PLN}{section.2.2}% 19
\BOOKMARK [2][-]{subsection.2.2.4}{Arquitecturas especializadas}{section.2.2}% 20
\BOOKMARK [1][-]{section.2.3}{BigData y Fast Data}{chapter.2}% 21
\BOOKMARK [2][-]{subsection.2.3.1}{Evoluci\363n: del Big Data al Fast Data}{section.2.3}% 22
\BOOKMARK [2][-]{subsection.2.3.2}{Arquitecturas RealTime}{section.2.3}% 23
\BOOKMARK [1][-]{section.2.4}{Trabajos anteriores}{chapter.2}% 24
\BOOKMARK [0][-]{chapter.3}{Arquitectura y tecnolog\355as}{part.1}% 25
\BOOKMARK [1][-]{section.3.1}{Arquitectura}{chapter.3}% 26
\BOOKMARK [2][-]{subsection.3.1.1}{Capa Batch}{section.3.1}% 27
\BOOKMARK [2][-]{subsection.3.1.2}{Capa Real-Time}{section.3.1}% 28
\BOOKMARK [2][-]{subsection.3.1.3}{Capa de Servicio}{section.3.1}% 29
\BOOKMARK [1][-]{section.3.2}{Integraci\363n y Despliegue Continuos}{chapter.3}% 30
\BOOKMARK [1][-]{section.3.3}{Tecnolog\355as}{chapter.3}% 31
\BOOKMARK [2][-]{subsection.3.3.1}{Capa batch}{section.3.3}% 32
\BOOKMARK [2][-]{subsection.3.3.2}{Capa Real-Time}{section.3.3}% 33
\BOOKMARK [2][-]{subsection.3.3.3}{Capa Servicio}{section.3.3}% 34
\BOOKMARK [2][-]{subsection.3.3.4}{Integraci\363n y Despliegue Continuo}{section.3.3}% 35
\BOOKMARK [0][-]{chapter.4}{Conjunto de datos}{part.1}% 36
\BOOKMARK [-1][-]{part.2}{II Modelado: datos, modelos y optimizaciones}{}% 37
\BOOKMARK [-1][-]{part.3}{III Explotaci\363n: procesamiento, visualizaci\363n y alarmados}{}% 38
\BOOKMARK [-1][-]{part.4}{IV Conclusiones: mantenimiento y futuros trabajos }{}% 39
\BOOKMARK [0][-]{section*.6}{Bibliograf\355a}{part.4}% 40
